Traceback (most recent call last):
  File "C:\Users\kda005\Anaconda3\envs\GEOF211_compendium\Lib\site-packages\jupyter_cache\executors\utils.py", line 58, in single_nb_execution
    executenb(
  File "C:\Users\kda005\Anaconda3\envs\GEOF211_compendium\Lib\site-packages\nbclient\client.py", line 1314, in execute
    return NotebookClient(nb=nb, resources=resources, km=km, **kwargs).execute()
           ^^^^^^^^^^^^^^^^^^^^^^^^^^^^^^^^^^^^^^^^^^^^^^^^^^^^^^^^^^^^^^^^^^^^^
  File "C:\Users\kda005\Anaconda3\envs\GEOF211_compendium\Lib\site-packages\jupyter_core\utils\__init__.py", line 165, in wrapped
    return loop.run_until_complete(inner)
           ^^^^^^^^^^^^^^^^^^^^^^^^^^^^^^
  File "C:\Users\kda005\Anaconda3\envs\GEOF211_compendium\Lib\asyncio\base_events.py", line 687, in run_until_complete
    return future.result()
           ^^^^^^^^^^^^^^^
  File "C:\Users\kda005\Anaconda3\envs\GEOF211_compendium\Lib\site-packages\nbclient\client.py", line 709, in async_execute
    await self.async_execute_cell(
  File "C:\Users\kda005\Anaconda3\envs\GEOF211_compendium\Lib\site-packages\nbclient\client.py", line 1062, in async_execute_cell
    await self._check_raise_for_error(cell, cell_index, exec_reply)
  File "C:\Users\kda005\Anaconda3\envs\GEOF211_compendium\Lib\site-packages\nbclient\client.py", line 918, in _check_raise_for_error
    raise CellExecutionError.from_cell_and_msg(cell, exec_reply_content)
nbclient.exceptions.CellExecutionError: An error occurred while executing the following cell:
------------------
import numpy as np
import matplotlib.pyplot as plt

N     = 30       # Number of time steps
M     = 100      # Number of grid points
a     = 0.75     # Propagation speed

dt = 0.01
dx = 1/M

print("Number of time steps = {:d}".format(N))
print("Number of grid points = {:d}".format(M))
print("Time step = {:f}".format(dt))
print("Grid size = {:f}".format(dx))
print("CFL number = {:f}".format(a*dt/dx))

# Grid points
X=np.linspace(0,1,M)

# Integrate the initial condition N time steps
U=LaxWendroff(topHat(X),c,dt,dx,N,M)
------------------

----- stdout -----
Number of time steps = 30
Number of grid points = 100
Time step = 0.010000
Grid size = 0.010000
CFL number = 0.750000
------------------

[1;31m---------------------------------------------------------------------------[0m
[1;31mNameError[0m                                 Traceback (most recent call last)
Cell [1;32mIn[3], line 21[0m
[0;32m     18[0m X[38;5;241m=[39mnp[38;5;241m.[39mlinspace([38;5;241m0[39m,[38;5;241m1[39m,M)
[0;32m     20[0m [38;5;66;03m# Integrate the initial condition N time steps[39;00m
[1;32m---> 21[0m U[38;5;241m=[39mLaxWendroff(topHat(X),[43mc[49m,dt,dx,N,M)

[1;31mNameError[0m: name 'c' is not defined

